The system is: Linux - 5.7.7-arch1-1 - x86_64
Compiling the C compiler identification source file "CMakeCCompilerId.c" succeeded.
Compiler: /usr/bin/clang 
Build flags: 
Id flags:  

The output was:
0


Compilation of the C compiler identification source "CMakeCCompilerId.c" produced "a.out"

The C compiler identification is Clang, found in "/home/mikadore/Documents/http-server-ctu/cmake-build-release/CMakeFiles/3.16.5/CompilerIdC/a.out"

Compiling the CXX compiler identification source file "CMakeCXXCompilerId.cpp" succeeded.
Compiler: /usr/bin/clang++ 
Build flags: 
Id flags:  

The output was:
0


Compilation of the CXX compiler identification source "CMakeCXXCompilerId.cpp" produced "a.out"

The CXX compiler identification is Clang, found in "/home/mikadore/Documents/http-server-ctu/cmake-build-release/CMakeFiles/3.16.5/CompilerIdCXX/a.out"

Determining if the C compiler works passed with the following output:
Change Dir: /home/mikadore/Documents/http-server-ctu/cmake-build-release/CMakeFiles/CMakeTmp

Run Build Command(s):make cmTC_cd7f0/fast && make -f CMakeFiles/cmTC_cd7f0.dir/build.make CMakeFiles/cmTC_cd7f0.dir/build
make[1]: Entering directory '/home/mikadore/Documents/http-server-ctu/cmake-build-release/CMakeFiles/CMakeTmp'
Building C object CMakeFiles/cmTC_cd7f0.dir/testCCompiler.c.o
/usr/bin/clang    -o CMakeFiles/cmTC_cd7f0.dir/testCCompiler.c.o   -c /home/mikadore/Documents/http-server-ctu/cmake-build-release/CMakeFiles/CMakeTmp/testCCompiler.c
Linking C executable cmTC_cd7f0
/opt/clion-2020.1.2/bin/cmake/linux/bin/cmake -E cmake_link_script CMakeFiles/cmTC_cd7f0.dir/link.txt --verbose=1
/usr/bin/clang      CMakeFiles/cmTC_cd7f0.dir/testCCompiler.c.o  -o cmTC_cd7f0 
make[1]: Leaving directory '/home/mikadore/Documents/http-server-ctu/cmake-build-release/CMakeFiles/CMakeTmp'



Detecting C compiler ABI info compiled with the following output:
Change Dir: /home/mikadore/Documents/http-server-ctu/cmake-build-release/CMakeFiles/CMakeTmp

Run Build Command(s):make cmTC_bbc26/fast && make -f CMakeFiles/cmTC_bbc26.dir/build.make CMakeFiles/cmTC_bbc26.dir/build
make[1]: Entering directory '/home/mikadore/Documents/http-server-ctu/cmake-build-release/CMakeFiles/CMakeTmp'
Building C object CMakeFiles/cmTC_bbc26.dir/CMakeCCompilerABI.c.o
/usr/bin/clang   -v -o CMakeFiles/cmTC_bbc26.dir/CMakeCCompilerABI.c.o   -c /opt/clion-2020.1.2/bin/cmake/linux/share/cmake-3.16/Modules/CMakeCCompilerABI.c
clang version 10.0.0 
Target: x86_64-pc-linux-gnu
Thread model: posix
InstalledDir: /usr/bin
Found candidate GCC installation: /usr/bin/../lib/gcc/x86_64-pc-linux-gnu/10.1.0
Found candidate GCC installation: /usr/bin/../lib64/gcc/x86_64-pc-linux-gnu/10.1.0
Found candidate GCC installation: /usr/lib/gcc/x86_64-pc-linux-gnu/10.1.0
Found candidate GCC installation: /usr/lib64/gcc/x86_64-pc-linux-gnu/10.1.0
Selected GCC installation: /usr/bin/../lib64/gcc/x86_64-pc-linux-gnu/10.1.0
Candidate multilib: .;@m64
Candidate multilib: 32;@m32
Selected multilib: .;@m64
 (in-process)
 "/usr/bin/clang-10" -cc1 -triple x86_64-pc-linux-gnu -emit-obj -mrelax-all -disable-free -disable-llvm-verifier -discard-value-names -main-file-name CMakeCCompilerABI.c -mrelocation-model pic -pic-level 2 -pic-is-pie -mthread-model posix -mframe-pointer=all -fmath-errno -fno-rounding-math -masm-verbose -mconstructor-aliases -munwind-tables -target-cpu x86-64 -dwarf-column-info -fno-split-dwarf-inlining -debugger-tuning=gdb -v -resource-dir /usr/lib/clang/10.0.0 -internal-isystem /usr/local/include -internal-isystem /usr/lib/clang/10.0.0/include -internal-externc-isystem /include -internal-externc-isystem /usr/include -fdebug-compilation-dir /home/mikadore/Documents/http-server-ctu/cmake-build-release/CMakeFiles/CMakeTmp -ferror-limit 19 -fmessage-length 0 -stack-protector 2 -fgnuc-version=4.2.1 -fobjc-runtime=gcc -fdiagnostics-show-option -faddrsig -o CMakeFiles/cmTC_bbc26.dir/CMakeCCompilerABI.c.o -x c /opt/clion-2020.1.2/bin/cmake/linux/share/cmake-3.16/Modules/CMakeCCompilerABI.c
clang -cc1 version 10.0.0 based upon LLVM 10.0.0 default target x86_64-pc-linux-gnu
ignoring nonexistent directory "/include"
#include "..." search starts here:
#include <...> search starts here:
 /usr/local/include
 /usr/lib/clang/10.0.0/include
 /usr/include
End of search list.
Linking C executable cmTC_bbc26
/opt/clion-2020.1.2/bin/cmake/linux/bin/cmake -E cmake_link_script CMakeFiles/cmTC_bbc26.dir/link.txt --verbose=1
/usr/bin/clang     -v CMakeFiles/cmTC_bbc26.dir/CMakeCCompilerABI.c.o  -o cmTC_bbc26 
clang version 10.0.0 
Target: x86_64-pc-linux-gnu
Thread model: posix
InstalledDir: /usr/bin
Found candidate GCC installation: /usr/bin/../lib/gcc/x86_64-pc-linux-gnu/10.1.0
Found candidate GCC installation: /usr/bin/../lib64/gcc/x86_64-pc-linux-gnu/10.1.0
Found candidate GCC installation: /usr/lib/gcc/x86_64-pc-linux-gnu/10.1.0
Found candidate GCC installation: /usr/lib64/gcc/x86_64-pc-linux-gnu/10.1.0
Selected GCC installation: /usr/bin/../lib64/gcc/x86_64-pc-linux-gnu/10.1.0
Candidate multilib: .;@m64
Candidate multilib: 32;@m32
Selected multilib: .;@m64
 "/usr/bin/ld" -pie --eh-frame-hdr -m elf_x86_64 -dynamic-linker /lib64/ld-linux-x86-64.so.2 -o cmTC_bbc26 /usr/bin/../lib64/gcc/x86_64-pc-linux-gnu/10.1.0/../../../../lib64/Scrt1.o /usr/bin/../lib64/gcc/x86_64-pc-linux-gnu/10.1.0/../../../../lib64/crti.o /usr/bin/../lib64/gcc/x86_64-pc-linux-gnu/10.1.0/crtbeginS.o -L/usr/bin/../lib64/gcc/x86_64-pc-linux-gnu/10.1.0 -L/usr/bin/../lib64/gcc/x86_64-pc-linux-gnu/10.1.0/../../../../lib64 -L/usr/bin/../lib64 -L/lib/../lib64 -L/usr/lib/../lib64 -L/usr/bin/../lib64/gcc/x86_64-pc-linux-gnu/10.1.0/../../.. -L/usr/bin/../lib -L/lib -L/usr/lib CMakeFiles/cmTC_bbc26.dir/CMakeCCompilerABI.c.o -lgcc --as-needed -lgcc_s --no-as-needed -lc -lgcc --as-needed -lgcc_s --no-as-needed /usr/bin/../lib64/gcc/x86_64-pc-linux-gnu/10.1.0/crtendS.o /usr/bin/../lib64/gcc/x86_64-pc-linux-gnu/10.1.0/../../../../lib64/crtn.o
make[1]: Leaving directory '/home/mikadore/Documents/http-server-ctu/cmake-build-release/CMakeFiles/CMakeTmp'



Parsed C implicit include dir info from above output: rv=done
  found start of include info
  found start of implicit include info
    add: [/usr/local/include]
    add: [/usr/lib/clang/10.0.0/include]
    add: [/usr/include]
  end of search list found
  collapse include dir [/usr/local/include] ==> [/usr/local/include]
  collapse include dir [/usr/lib/clang/10.0.0/include] ==> [/usr/lib/clang/10.0.0/include]
  collapse include dir [/usr/include] ==> [/usr/include]
  implicit include dirs: [/usr/local/include;/usr/lib/clang/10.0.0/include;/usr/include]


Parsed C implicit link information from above output:
  link line regex: [^( *|.*[/\])(ld|CMAKE_LINK_STARTFILE-NOTFOUND|([^/\]+-)?ld|collect2)[^/\]*( |$)]
  ignore line: [Change Dir: /home/mikadore/Documents/http-server-ctu/cmake-build-release/CMakeFiles/CMakeTmp]
  ignore line: []
  ignore line: [Run Build Command(s):make cmTC_bbc26/fast && make -f CMakeFiles/cmTC_bbc26.dir/build.make CMakeFiles/cmTC_bbc26.dir/build]
  ignore line: [make[1]: Entering directory '/home/mikadore/Documents/http-server-ctu/cmake-build-release/CMakeFiles/CMakeTmp']
  ignore line: [Building C object CMakeFiles/cmTC_bbc26.dir/CMakeCCompilerABI.c.o]
  ignore line: [/usr/bin/clang   -v -o CMakeFiles/cmTC_bbc26.dir/CMakeCCompilerABI.c.o   -c /opt/clion-2020.1.2/bin/cmake/linux/share/cmake-3.16/Modules/CMakeCCompilerABI.c]
  ignore line: [clang version 10.0.0 ]
  ignore line: [Target: x86_64-pc-linux-gnu]
  ignore line: [Thread model: posix]
  ignore line: [InstalledDir: /usr/bin]
  ignore line: [Found candidate GCC installation: /usr/bin/../lib/gcc/x86_64-pc-linux-gnu/10.1.0]
  ignore line: [Found candidate GCC installation: /usr/bin/../lib64/gcc/x86_64-pc-linux-gnu/10.1.0]
  ignore line: [Found candidate GCC installation: /usr/lib/gcc/x86_64-pc-linux-gnu/10.1.0]
  ignore line: [Found candidate GCC installation: /usr/lib64/gcc/x86_64-pc-linux-gnu/10.1.0]
  ignore line: [Selected GCC installation: /usr/bin/../lib64/gcc/x86_64-pc-linux-gnu/10.1.0]
  ignore line: [Candidate multilib: .]
  ignore line: [@m64]
  ignore line: [Candidate multilib: 32]
  ignore line: [@m32]
  ignore line: [Selected multilib: .]
  ignore line: [@m64]
  ignore line: [ (in-process)]
  ignore line: [ "/usr/bin/clang-10" -cc1 -triple x86_64-pc-linux-gnu -emit-obj -mrelax-all -disable-free -disable-llvm-verifier -discard-value-names -main-file-name CMakeCCompilerABI.c -mrelocation-model pic -pic-level 2 -pic-is-pie -mthread-model posix -mframe-pointer=all -fmath-errno -fno-rounding-math -masm-verbose -mconstructor-aliases -munwind-tables -target-cpu x86-64 -dwarf-column-info -fno-split-dwarf-inlining -debugger-tuning=gdb -v -resource-dir /usr/lib/clang/10.0.0 -internal-isystem /usr/local/include -internal-isystem /usr/lib/clang/10.0.0/include -internal-externc-isystem /include -internal-externc-isystem /usr/include -fdebug-compilation-dir /home/mikadore/Documents/http-server-ctu/cmake-build-release/CMakeFiles/CMakeTmp -ferror-limit 19 -fmessage-length 0 -stack-protector 2 -fgnuc-version=4.2.1 -fobjc-runtime=gcc -fdiagnostics-show-option -faddrsig -o CMakeFiles/cmTC_bbc26.dir/CMakeCCompilerABI.c.o -x c /opt/clion-2020.1.2/bin/cmake/linux/share/cmake-3.16/Modules/CMakeCCompilerABI.c]
  ignore line: [clang -cc1 version 10.0.0 based upon LLVM 10.0.0 default target x86_64-pc-linux-gnu]
  ignore line: [ignoring nonexistent directory "/include"]
  ignore line: [#include "..." search starts here:]
  ignore line: [#include <...> search starts here:]
  ignore line: [ /usr/local/include]
  ignore line: [ /usr/lib/clang/10.0.0/include]
  ignore line: [ /usr/include]
  ignore line: [End of search list.]
  ignore line: [Linking C executable cmTC_bbc26]
  ignore line: [/opt/clion-2020.1.2/bin/cmake/linux/bin/cmake -E cmake_link_script CMakeFiles/cmTC_bbc26.dir/link.txt --verbose=1]
  ignore line: [/usr/bin/clang     -v CMakeFiles/cmTC_bbc26.dir/CMakeCCompilerABI.c.o  -o cmTC_bbc26 ]
  ignore line: [clang version 10.0.0 ]
  ignore line: [Target: x86_64-pc-linux-gnu]
  ignore line: [Thread model: posix]
  ignore line: [InstalledDir: /usr/bin]
  ignore line: [Found candidate GCC installation: /usr/bin/../lib/gcc/x86_64-pc-linux-gnu/10.1.0]
  ignore line: [Found candidate GCC installation: /usr/bin/../lib64/gcc/x86_64-pc-linux-gnu/10.1.0]
  ignore line: [Found candidate GCC installation: /usr/lib/gcc/x86_64-pc-linux-gnu/10.1.0]
  ignore line: [Found candidate GCC installation: /usr/lib64/gcc/x86_64-pc-linux-gnu/10.1.0]
  ignore line: [Selected GCC installation: /usr/bin/../lib64/gcc/x86_64-pc-linux-gnu/10.1.0]
  ignore line: [Candidate multilib: .]
  ignore line: [@m64]
  ignore line: [Candidate multilib: 32]
  ignore line: [@m32]
  ignore line: [Selected multilib: .]
  ignore line: [@m64]
  link line: [ "/usr/bin/ld" -pie --eh-frame-hdr -m elf_x86_64 -dynamic-linker /lib64/ld-linux-x86-64.so.2 -o cmTC_bbc26 /usr/bin/../lib64/gcc/x86_64-pc-linux-gnu/10.1.0/../../../../lib64/Scrt1.o /usr/bin/../lib64/gcc/x86_64-pc-linux-gnu/10.1.0/../../../../lib64/crti.o /usr/bin/../lib64/gcc/x86_64-pc-linux-gnu/10.1.0/crtbeginS.o -L/usr/bin/../lib64/gcc/x86_64-pc-linux-gnu/10.1.0 -L/usr/bin/../lib64/gcc/x86_64-pc-linux-gnu/10.1.0/../../../../lib64 -L/usr/bin/../lib64 -L/lib/../lib64 -L/usr/lib/../lib64 -L/usr/bin/../lib64/gcc/x86_64-pc-linux-gnu/10.1.0/../../.. -L/usr/bin/../lib -L/lib -L/usr/lib CMakeFiles/cmTC_bbc26.dir/CMakeCCompilerABI.c.o -lgcc --as-needed -lgcc_s --no-as-needed -lc -lgcc --as-needed -lgcc_s --no-as-needed /usr/bin/../lib64/gcc/x86_64-pc-linux-gnu/10.1.0/crtendS.o /usr/bin/../lib64/gcc/x86_64-pc-linux-gnu/10.1.0/../../../../lib64/crtn.o]
    arg [/usr/bin/ld] ==> ignore
    arg [-pie] ==> ignore
    arg [--eh-frame-hdr] ==> ignore
    arg [-m] ==> ignore
    arg [elf_x86_64] ==> ignore
    arg [-dynamic-linker] ==> ignore
    arg [/lib64/ld-linux-x86-64.so.2] ==> ignore
    arg [-o] ==> ignore
    arg [cmTC_bbc26] ==> ignore
    arg [/usr/bin/../lib64/gcc/x86_64-pc-linux-gnu/10.1.0/../../../../lib64/Scrt1.o] ==> ignore
    arg [/usr/bin/../lib64/gcc/x86_64-pc-linux-gnu/10.1.0/../../../../lib64/crti.o] ==> ignore
    arg [/usr/bin/../lib64/gcc/x86_64-pc-linux-gnu/10.1.0/crtbeginS.o] ==> ignore
    arg [-L/usr/bin/../lib64/gcc/x86_64-pc-linux-gnu/10.1.0] ==> dir [/usr/bin/../lib64/gcc/x86_64-pc-linux-gnu/10.1.0]
    arg [-L/usr/bin/../lib64/gcc/x86_64-pc-linux-gnu/10.1.0/../../../../lib64] ==> dir [/usr/bin/../lib64/gcc/x86_64-pc-linux-gnu/10.1.0/../../../../lib64]
    arg [-L/usr/bin/../lib64] ==> dir [/usr/bin/../lib64]
    arg [-L/lib/../lib64] ==> dir [/lib/../lib64]
    arg [-L/usr/lib/../lib64] ==> dir [/usr/lib/../lib64]
    arg [-L/usr/bin/../lib64/gcc/x86_64-pc-linux-gnu/10.1.0/../../..] ==> dir [/usr/bin/../lib64/gcc/x86_64-pc-linux-gnu/10.1.0/../../..]
    arg [-L/usr/bin/../lib] ==> dir [/usr/bin/../lib]
    arg [-L/lib] ==> dir [/lib]
    arg [-L/usr/lib] ==> dir [/usr/lib]
    arg [CMakeFiles/cmTC_bbc26.dir/CMakeCCompilerABI.c.o] ==> ignore
    arg [-lgcc] ==> lib [gcc]
    arg [--as-needed] ==> ignore
    arg [-lgcc_s] ==> lib [gcc_s]
    arg [--no-as-needed] ==> ignore
    arg [-lc] ==> lib [c]
    arg [-lgcc] ==> lib [gcc]
    arg [--as-needed] ==> ignore
    arg [-lgcc_s] ==> lib [gcc_s]
    arg [--no-as-needed] ==> ignore
    arg [/usr/bin/../lib64/gcc/x86_64-pc-linux-gnu/10.1.0/crtendS.o] ==> ignore
    arg [/usr/bin/../lib64/gcc/x86_64-pc-linux-gnu/10.1.0/../../../../lib64/crtn.o] ==> ignore
  collapse library dir [/usr/bin/../lib64/gcc/x86_64-pc-linux-gnu/10.1.0] ==> [/usr/lib64/gcc/x86_64-pc-linux-gnu/10.1.0]
  collapse library dir [/usr/bin/../lib64/gcc/x86_64-pc-linux-gnu/10.1.0/../../../../lib64] ==> [/usr/lib64]
  collapse library dir [/usr/bin/../lib64] ==> [/usr/lib64]
  collapse library dir [/lib/../lib64] ==> [/lib64]
  collapse library dir [/usr/lib/../lib64] ==> [/usr/lib64]
  collapse library dir [/usr/bin/../lib64/gcc/x86_64-pc-linux-gnu/10.1.0/../../..] ==> [/usr/lib64]
  collapse library dir [/usr/bin/../lib] ==> [/usr/lib]
  collapse library dir [/lib] ==> [/lib]
  collapse library dir [/usr/lib] ==> [/usr/lib]
  implicit libs: [gcc;gcc_s;c;gcc;gcc_s]
  implicit dirs: [/usr/lib64/gcc/x86_64-pc-linux-gnu/10.1.0;/usr/lib64;/lib64;/usr/lib;/lib]
  implicit fwks: []


Determining if the CXX compiler works passed with the following output:
Change Dir: /home/mikadore/Documents/http-server-ctu/cmake-build-release/CMakeFiles/CMakeTmp

Run Build Command(s):make cmTC_ecb20/fast && make -f CMakeFiles/cmTC_ecb20.dir/build.make CMakeFiles/cmTC_ecb20.dir/build
make[1]: Entering directory '/home/mikadore/Documents/http-server-ctu/cmake-build-release/CMakeFiles/CMakeTmp'
Building CXX object CMakeFiles/cmTC_ecb20.dir/testCXXCompiler.cxx.o
/usr/bin/clang++     -o CMakeFiles/cmTC_ecb20.dir/testCXXCompiler.cxx.o -c /home/mikadore/Documents/http-server-ctu/cmake-build-release/CMakeFiles/CMakeTmp/testCXXCompiler.cxx
Linking CXX executable cmTC_ecb20
/opt/clion-2020.1.2/bin/cmake/linux/bin/cmake -E cmake_link_script CMakeFiles/cmTC_ecb20.dir/link.txt --verbose=1
/usr/bin/clang++       CMakeFiles/cmTC_ecb20.dir/testCXXCompiler.cxx.o  -o cmTC_ecb20 
make[1]: Leaving directory '/home/mikadore/Documents/http-server-ctu/cmake-build-release/CMakeFiles/CMakeTmp'



Detecting CXX compiler ABI info compiled with the following output:
Change Dir: /home/mikadore/Documents/http-server-ctu/cmake-build-release/CMakeFiles/CMakeTmp

Run Build Command(s):make cmTC_2d0fc/fast && make -f CMakeFiles/cmTC_2d0fc.dir/build.make CMakeFiles/cmTC_2d0fc.dir/build
make[1]: Entering directory '/home/mikadore/Documents/http-server-ctu/cmake-build-release/CMakeFiles/CMakeTmp'
Building CXX object CMakeFiles/cmTC_2d0fc.dir/CMakeCXXCompilerABI.cpp.o
/usr/bin/clang++    -v -o CMakeFiles/cmTC_2d0fc.dir/CMakeCXXCompilerABI.cpp.o -c /opt/clion-2020.1.2/bin/cmake/linux/share/cmake-3.16/Modules/CMakeCXXCompilerABI.cpp
clang version 10.0.0 
Target: x86_64-pc-linux-gnu
Thread model: posix
InstalledDir: /usr/bin
Found candidate GCC installation: /usr/bin/../lib/gcc/x86_64-pc-linux-gnu/10.1.0
Found candidate GCC installation: /usr/bin/../lib64/gcc/x86_64-pc-linux-gnu/10.1.0
Found candidate GCC installation: /usr/lib/gcc/x86_64-pc-linux-gnu/10.1.0
Found candidate GCC installation: /usr/lib64/gcc/x86_64-pc-linux-gnu/10.1.0
Selected GCC installation: /usr/bin/../lib64/gcc/x86_64-pc-linux-gnu/10.1.0
Candidate multilib: .;@m64
Candidate multilib: 32;@m32
Selected multilib: .;@m64
 (in-process)
 "/usr/bin/clang-10" -cc1 -triple x86_64-pc-linux-gnu -emit-obj -mrelax-all -disable-free -disable-llvm-verifier -discard-value-names -main-file-name CMakeCXXCompilerABI.cpp -mrelocation-model pic -pic-level 2 -pic-is-pie -mthread-model posix -mframe-pointer=all -fmath-errno -fno-rounding-math -masm-verbose -mconstructor-aliases -munwind-tables -target-cpu x86-64 -dwarf-column-info -fno-split-dwarf-inlining -debugger-tuning=gdb -v -resource-dir /usr/lib/clang/10.0.0 -internal-isystem /usr/bin/../lib64/gcc/x86_64-pc-linux-gnu/10.1.0/../../../../include/c++/10.1.0 -internal-isystem /usr/bin/../lib64/gcc/x86_64-pc-linux-gnu/10.1.0/../../../../include/c++/10.1.0/x86_64-pc-linux-gnu -internal-isystem /usr/bin/../lib64/gcc/x86_64-pc-linux-gnu/10.1.0/../../../../include/c++/10.1.0/backward -internal-isystem /usr/local/include -internal-isystem /usr/lib/clang/10.0.0/include -internal-externc-isystem /include -internal-externc-isystem /usr/include -fdeprecated-macro -fdebug-compilation-dir /home/mikadore/Documents/http-server-ctu/cmake-build-release/CMakeFiles/CMakeTmp -ferror-limit 19 -fmessage-length 0 -stack-protector 2 -fgnuc-version=4.2.1 -fobjc-runtime=gcc -fcxx-exceptions -fexceptions -fdiagnostics-show-option -faddrsig -o CMakeFiles/cmTC_2d0fc.dir/CMakeCXXCompilerABI.cpp.o -x c++ /opt/clion-2020.1.2/bin/cmake/linux/share/cmake-3.16/Modules/CMakeCXXCompilerABI.cpp
clang -cc1 version 10.0.0 based upon LLVM 10.0.0 default target x86_64-pc-linux-gnu
ignoring nonexistent directory "/include"
#include "..." search starts here:
#include <...> search starts here:
 /usr/bin/../lib64/gcc/x86_64-pc-linux-gnu/10.1.0/../../../../include/c++/10.1.0
 /usr/bin/../lib64/gcc/x86_64-pc-linux-gnu/10.1.0/../../../../include/c++/10.1.0/x86_64-pc-linux-gnu
 /usr/bin/../lib64/gcc/x86_64-pc-linux-gnu/10.1.0/../../../../include/c++/10.1.0/backward
 /usr/local/include
 /usr/lib/clang/10.0.0/include
 /usr/include
End of search list.
Linking CXX executable cmTC_2d0fc
/opt/clion-2020.1.2/bin/cmake/linux/bin/cmake -E cmake_link_script CMakeFiles/cmTC_2d0fc.dir/link.txt --verbose=1
/usr/bin/clang++      -v CMakeFiles/cmTC_2d0fc.dir/CMakeCXXCompilerABI.cpp.o  -o cmTC_2d0fc 
clang version 10.0.0 
Target: x86_64-pc-linux-gnu
Thread model: posix
InstalledDir: /usr/bin
Found candidate GCC installation: /usr/bin/../lib/gcc/x86_64-pc-linux-gnu/10.1.0
Found candidate GCC installation: /usr/bin/../lib64/gcc/x86_64-pc-linux-gnu/10.1.0
Found candidate GCC installation: /usr/lib/gcc/x86_64-pc-linux-gnu/10.1.0
Found candidate GCC installation: /usr/lib64/gcc/x86_64-pc-linux-gnu/10.1.0
Selected GCC installation: /usr/bin/../lib64/gcc/x86_64-pc-linux-gnu/10.1.0
Candidate multilib: .;@m64
Candidate multilib: 32;@m32
Selected multilib: .;@m64
 "/usr/bin/ld" -pie --eh-frame-hdr -m elf_x86_64 -dynamic-linker /lib64/ld-linux-x86-64.so.2 -o cmTC_2d0fc /usr/bin/../lib64/gcc/x86_64-pc-linux-gnu/10.1.0/../../../../lib64/Scrt1.o /usr/bin/../lib64/gcc/x86_64-pc-linux-gnu/10.1.0/../../../../lib64/crti.o /usr/bin/../lib64/gcc/x86_64-pc-linux-gnu/10.1.0/crtbeginS.o -L/usr/bin/../lib64/gcc/x86_64-pc-linux-gnu/10.1.0 -L/usr/bin/../lib64/gcc/x86_64-pc-linux-gnu/10.1.0/../../../../lib64 -L/usr/bin/../lib64 -L/lib/../lib64 -L/usr/lib/../lib64 -L/usr/bin/../lib64/gcc/x86_64-pc-linux-gnu/10.1.0/../../.. -L/usr/bin/../lib -L/lib -L/usr/lib CMakeFiles/cmTC_2d0fc.dir/CMakeCXXCompilerABI.cpp.o -lstdc++ -lm -lgcc_s -lgcc -lc -lgcc_s -lgcc /usr/bin/../lib64/gcc/x86_64-pc-linux-gnu/10.1.0/crtendS.o /usr/bin/../lib64/gcc/x86_64-pc-linux-gnu/10.1.0/../../../../lib64/crtn.o
make[1]: Leaving directory '/home/mikadore/Documents/http-server-ctu/cmake-build-release/CMakeFiles/CMakeTmp'



Parsed CXX implicit include dir info from above output: rv=done
  found start of include info
  found start of implicit include info
    add: [/usr/bin/../lib64/gcc/x86_64-pc-linux-gnu/10.1.0/../../../../include/c++/10.1.0]
    add: [/usr/bin/../lib64/gcc/x86_64-pc-linux-gnu/10.1.0/../../../../include/c++/10.1.0/x86_64-pc-linux-gnu]
    add: [/usr/bin/../lib64/gcc/x86_64-pc-linux-gnu/10.1.0/../../../../include/c++/10.1.0/backward]
    add: [/usr/local/include]
    add: [/usr/lib/clang/10.0.0/include]
    add: [/usr/include]
  end of search list found
  collapse include dir [/usr/bin/../lib64/gcc/x86_64-pc-linux-gnu/10.1.0/../../../../include/c++/10.1.0] ==> [/usr/include/c++/10.1.0]
  collapse include dir [/usr/bin/../lib64/gcc/x86_64-pc-linux-gnu/10.1.0/../../../../include/c++/10.1.0/x86_64-pc-linux-gnu] ==> [/usr/include/c++/10.1.0/x86_64-pc-linux-gnu]
  collapse include dir [/usr/bin/../lib64/gcc/x86_64-pc-linux-gnu/10.1.0/../../../../include/c++/10.1.0/backward] ==> [/usr/include/c++/10.1.0/backward]
  collapse include dir [/usr/local/include] ==> [/usr/local/include]
  collapse include dir [/usr/lib/clang/10.0.0/include] ==> [/usr/lib/clang/10.0.0/include]
  collapse include dir [/usr/include] ==> [/usr/include]
  implicit include dirs: [/usr/include/c++/10.1.0;/usr/include/c++/10.1.0/x86_64-pc-linux-gnu;/usr/include/c++/10.1.0/backward;/usr/local/include;/usr/lib/clang/10.0.0/include;/usr/include]


Parsed CXX implicit link information from above output:
  link line regex: [^( *|.*[/\])(ld|CMAKE_LINK_STARTFILE-NOTFOUND|([^/\]+-)?ld|collect2)[^/\]*( |$)]
  ignore line: [Change Dir: /home/mikadore/Documents/http-server-ctu/cmake-build-release/CMakeFiles/CMakeTmp]
  ignore line: []
  ignore line: [Run Build Command(s):make cmTC_2d0fc/fast && make -f CMakeFiles/cmTC_2d0fc.dir/build.make CMakeFiles/cmTC_2d0fc.dir/build]
  ignore line: [make[1]: Entering directory '/home/mikadore/Documents/http-server-ctu/cmake-build-release/CMakeFiles/CMakeTmp']
  ignore line: [Building CXX object CMakeFiles/cmTC_2d0fc.dir/CMakeCXXCompilerABI.cpp.o]
  ignore line: [/usr/bin/clang++    -v -o CMakeFiles/cmTC_2d0fc.dir/CMakeCXXCompilerABI.cpp.o -c /opt/clion-2020.1.2/bin/cmake/linux/share/cmake-3.16/Modules/CMakeCXXCompilerABI.cpp]
  ignore line: [clang version 10.0.0 ]
  ignore line: [Target: x86_64-pc-linux-gnu]
  ignore line: [Thread model: posix]
  ignore line: [InstalledDir: /usr/bin]
  ignore line: [Found candidate GCC installation: /usr/bin/../lib/gcc/x86_64-pc-linux-gnu/10.1.0]
  ignore line: [Found candidate GCC installation: /usr/bin/../lib64/gcc/x86_64-pc-linux-gnu/10.1.0]
  ignore line: [Found candidate GCC installation: /usr/lib/gcc/x86_64-pc-linux-gnu/10.1.0]
  ignore line: [Found candidate GCC installation: /usr/lib64/gcc/x86_64-pc-linux-gnu/10.1.0]
  ignore line: [Selected GCC installation: /usr/bin/../lib64/gcc/x86_64-pc-linux-gnu/10.1.0]
  ignore line: [Candidate multilib: .]
  ignore line: [@m64]
  ignore line: [Candidate multilib: 32]
  ignore line: [@m32]
  ignore line: [Selected multilib: .]
  ignore line: [@m64]
  ignore line: [ (in-process)]
  ignore line: [ "/usr/bin/clang-10" -cc1 -triple x86_64-pc-linux-gnu -emit-obj -mrelax-all -disable-free -disable-llvm-verifier -discard-value-names -main-file-name CMakeCXXCompilerABI.cpp -mrelocation-model pic -pic-level 2 -pic-is-pie -mthread-model posix -mframe-pointer=all -fmath-errno -fno-rounding-math -masm-verbose -mconstructor-aliases -munwind-tables -target-cpu x86-64 -dwarf-column-info -fno-split-dwarf-inlining -debugger-tuning=gdb -v -resource-dir /usr/lib/clang/10.0.0 -internal-isystem /usr/bin/../lib64/gcc/x86_64-pc-linux-gnu/10.1.0/../../../../include/c++/10.1.0 -internal-isystem /usr/bin/../lib64/gcc/x86_64-pc-linux-gnu/10.1.0/../../../../include/c++/10.1.0/x86_64-pc-linux-gnu -internal-isystem /usr/bin/../lib64/gcc/x86_64-pc-linux-gnu/10.1.0/../../../../include/c++/10.1.0/backward -internal-isystem /usr/local/include -internal-isystem /usr/lib/clang/10.0.0/include -internal-externc-isystem /include -internal-externc-isystem /usr/include -fdeprecated-macro -fdebug-compilation-dir /home/mikadore/Documents/http-server-ctu/cmake-build-release/CMakeFiles/CMakeTmp -ferror-limit 19 -fmessage-length 0 -stack-protector 2 -fgnuc-version=4.2.1 -fobjc-runtime=gcc -fcxx-exceptions -fexceptions -fdiagnostics-show-option -faddrsig -o CMakeFiles/cmTC_2d0fc.dir/CMakeCXXCompilerABI.cpp.o -x c++ /opt/clion-2020.1.2/bin/cmake/linux/share/cmake-3.16/Modules/CMakeCXXCompilerABI.cpp]
  ignore line: [clang -cc1 version 10.0.0 based upon LLVM 10.0.0 default target x86_64-pc-linux-gnu]
  ignore line: [ignoring nonexistent directory "/include"]
  ignore line: [#include "..." search starts here:]
  ignore line: [#include <...> search starts here:]
  ignore line: [ /usr/bin/../lib64/gcc/x86_64-pc-linux-gnu/10.1.0/../../../../include/c++/10.1.0]
  ignore line: [ /usr/bin/../lib64/gcc/x86_64-pc-linux-gnu/10.1.0/../../../../include/c++/10.1.0/x86_64-pc-linux-gnu]
  ignore line: [ /usr/bin/../lib64/gcc/x86_64-pc-linux-gnu/10.1.0/../../../../include/c++/10.1.0/backward]
  ignore line: [ /usr/local/include]
  ignore line: [ /usr/lib/clang/10.0.0/include]
  ignore line: [ /usr/include]
  ignore line: [End of search list.]
  ignore line: [Linking CXX executable cmTC_2d0fc]
  ignore line: [/opt/clion-2020.1.2/bin/cmake/linux/bin/cmake -E cmake_link_script CMakeFiles/cmTC_2d0fc.dir/link.txt --verbose=1]
  ignore line: [/usr/bin/clang++      -v CMakeFiles/cmTC_2d0fc.dir/CMakeCXXCompilerABI.cpp.o  -o cmTC_2d0fc ]
  ignore line: [clang version 10.0.0 ]
  ignore line: [Target: x86_64-pc-linux-gnu]
  ignore line: [Thread model: posix]
  ignore line: [InstalledDir: /usr/bin]
  ignore line: [Found candidate GCC installation: /usr/bin/../lib/gcc/x86_64-pc-linux-gnu/10.1.0]
  ignore line: [Found candidate GCC installation: /usr/bin/../lib64/gcc/x86_64-pc-linux-gnu/10.1.0]
  ignore line: [Found candidate GCC installation: /usr/lib/gcc/x86_64-pc-linux-gnu/10.1.0]
  ignore line: [Found candidate GCC installation: /usr/lib64/gcc/x86_64-pc-linux-gnu/10.1.0]
  ignore line: [Selected GCC installation: /usr/bin/../lib64/gcc/x86_64-pc-linux-gnu/10.1.0]
  ignore line: [Candidate multilib: .]
  ignore line: [@m64]
  ignore line: [Candidate multilib: 32]
  ignore line: [@m32]
  ignore line: [Selected multilib: .]
  ignore line: [@m64]
  link line: [ "/usr/bin/ld" -pie --eh-frame-hdr -m elf_x86_64 -dynamic-linker /lib64/ld-linux-x86-64.so.2 -o cmTC_2d0fc /usr/bin/../lib64/gcc/x86_64-pc-linux-gnu/10.1.0/../../../../lib64/Scrt1.o /usr/bin/../lib64/gcc/x86_64-pc-linux-gnu/10.1.0/../../../../lib64/crti.o /usr/bin/../lib64/gcc/x86_64-pc-linux-gnu/10.1.0/crtbeginS.o -L/usr/bin/../lib64/gcc/x86_64-pc-linux-gnu/10.1.0 -L/usr/bin/../lib64/gcc/x86_64-pc-linux-gnu/10.1.0/../../../../lib64 -L/usr/bin/../lib64 -L/lib/../lib64 -L/usr/lib/../lib64 -L/usr/bin/../lib64/gcc/x86_64-pc-linux-gnu/10.1.0/../../.. -L/usr/bin/../lib -L/lib -L/usr/lib CMakeFiles/cmTC_2d0fc.dir/CMakeCXXCompilerABI.cpp.o -lstdc++ -lm -lgcc_s -lgcc -lc -lgcc_s -lgcc /usr/bin/../lib64/gcc/x86_64-pc-linux-gnu/10.1.0/crtendS.o /usr/bin/../lib64/gcc/x86_64-pc-linux-gnu/10.1.0/../../../../lib64/crtn.o]
    arg [/usr/bin/ld] ==> ignore
    arg [-pie] ==> ignore
    arg [--eh-frame-hdr] ==> ignore
    arg [-m] ==> ignore
    arg [elf_x86_64] ==> ignore
    arg [-dynamic-linker] ==> ignore
    arg [/lib64/ld-linux-x86-64.so.2] ==> ignore
    arg [-o] ==> ignore
    arg [cmTC_2d0fc] ==> ignore
    arg [/usr/bin/../lib64/gcc/x86_64-pc-linux-gnu/10.1.0/../../../../lib64/Scrt1.o] ==> ignore
    arg [/usr/bin/../lib64/gcc/x86_64-pc-linux-gnu/10.1.0/../../../../lib64/crti.o] ==> ignore
    arg [/usr/bin/../lib64/gcc/x86_64-pc-linux-gnu/10.1.0/crtbeginS.o] ==> ignore
    arg [-L/usr/bin/../lib64/gcc/x86_64-pc-linux-gnu/10.1.0] ==> dir [/usr/bin/../lib64/gcc/x86_64-pc-linux-gnu/10.1.0]
    arg [-L/usr/bin/../lib64/gcc/x86_64-pc-linux-gnu/10.1.0/../../../../lib64] ==> dir [/usr/bin/../lib64/gcc/x86_64-pc-linux-gnu/10.1.0/../../../../lib64]
    arg [-L/usr/bin/../lib64] ==> dir [/usr/bin/../lib64]
    arg [-L/lib/../lib64] ==> dir [/lib/../lib64]
    arg [-L/usr/lib/../lib64] ==> dir [/usr/lib/../lib64]
    arg [-L/usr/bin/../lib64/gcc/x86_64-pc-linux-gnu/10.1.0/../../..] ==> dir [/usr/bin/../lib64/gcc/x86_64-pc-linux-gnu/10.1.0/../../..]
    arg [-L/usr/bin/../lib] ==> dir [/usr/bin/../lib]
    arg [-L/lib] ==> dir [/lib]
    arg [-L/usr/lib] ==> dir [/usr/lib]
    arg [CMakeFiles/cmTC_2d0fc.dir/CMakeCXXCompilerABI.cpp.o] ==> ignore
    arg [-lstdc++] ==> lib [stdc++]
    arg [-lm] ==> lib [m]
    arg [-lgcc_s] ==> lib [gcc_s]
    arg [-lgcc] ==> lib [gcc]
    arg [-lc] ==> lib [c]
    arg [-lgcc_s] ==> lib [gcc_s]
    arg [-lgcc] ==> lib [gcc]
    arg [/usr/bin/../lib64/gcc/x86_64-pc-linux-gnu/10.1.0/crtendS.o] ==> ignore
    arg [/usr/bin/../lib64/gcc/x86_64-pc-linux-gnu/10.1.0/../../../../lib64/crtn.o] ==> ignore
  collapse library dir [/usr/bin/../lib64/gcc/x86_64-pc-linux-gnu/10.1.0] ==> [/usr/lib64/gcc/x86_64-pc-linux-gnu/10.1.0]
  collapse library dir [/usr/bin/../lib64/gcc/x86_64-pc-linux-gnu/10.1.0/../../../../lib64] ==> [/usr/lib64]
  collapse library dir [/usr/bin/../lib64] ==> [/usr/lib64]
  collapse library dir [/lib/../lib64] ==> [/lib64]
  collapse library dir [/usr/lib/../lib64] ==> [/usr/lib64]
  collapse library dir [/usr/bin/../lib64/gcc/x86_64-pc-linux-gnu/10.1.0/../../..] ==> [/usr/lib64]
  collapse library dir [/usr/bin/../lib] ==> [/usr/lib]
  collapse library dir [/lib] ==> [/lib]
  collapse library dir [/usr/lib] ==> [/usr/lib]
  implicit libs: [stdc++;m;gcc_s;gcc;c;gcc_s;gcc]
  implicit dirs: [/usr/lib64/gcc/x86_64-pc-linux-gnu/10.1.0;/usr/lib64;/lib64;/usr/lib;/lib]
  implicit fwks: []


Determining if the include file pthread.h exists passed with the following output:
Change Dir: /home/mikadore/Documents/http-server-ctu/cmake-build-release/CMakeFiles/CMakeTmp

Run Build Command(s):make cmTC_99152/fast && make -f CMakeFiles/cmTC_99152.dir/build.make CMakeFiles/cmTC_99152.dir/build
make[1]: Entering directory '/home/mikadore/Documents/http-server-ctu/cmake-build-release/CMakeFiles/CMakeTmp'
Building C object CMakeFiles/cmTC_99152.dir/CheckIncludeFile.c.o
/usr/bin/clang    -o CMakeFiles/cmTC_99152.dir/CheckIncludeFile.c.o   -c /home/mikadore/Documents/http-server-ctu/cmake-build-release/CMakeFiles/CMakeTmp/CheckIncludeFile.c
Linking C executable cmTC_99152
/opt/clion-2020.1.2/bin/cmake/linux/bin/cmake -E cmake_link_script CMakeFiles/cmTC_99152.dir/link.txt --verbose=1
/usr/bin/clang      CMakeFiles/cmTC_99152.dir/CheckIncludeFile.c.o  -o cmTC_99152 
make[1]: Leaving directory '/home/mikadore/Documents/http-server-ctu/cmake-build-release/CMakeFiles/CMakeTmp'



Determining if the function pthread_create exists in the pthread passed with the following output:
Change Dir: /home/mikadore/Documents/http-server-ctu/cmake-build-release/CMakeFiles/CMakeTmp

Run Build Command(s):make cmTC_27082/fast && make -f CMakeFiles/cmTC_27082.dir/build.make CMakeFiles/cmTC_27082.dir/build
make[1]: Entering directory '/home/mikadore/Documents/http-server-ctu/cmake-build-release/CMakeFiles/CMakeTmp'
Building C object CMakeFiles/cmTC_27082.dir/CheckFunctionExists.c.o
/usr/bin/clang   -DCHECK_FUNCTION_EXISTS=pthread_create   -o CMakeFiles/cmTC_27082.dir/CheckFunctionExists.c.o   -c /opt/clion-2020.1.2/bin/cmake/linux/share/cmake-3.16/Modules/CheckFunctionExists.c
Linking C executable cmTC_27082
/opt/clion-2020.1.2/bin/cmake/linux/bin/cmake -E cmake_link_script CMakeFiles/cmTC_27082.dir/link.txt --verbose=1
/usr/bin/clang  -DCHECK_FUNCTION_EXISTS=pthread_create    CMakeFiles/cmTC_27082.dir/CheckFunctionExists.c.o  -o cmTC_27082  -lpthread 
make[1]: Leaving directory '/home/mikadore/Documents/http-server-ctu/cmake-build-release/CMakeFiles/CMakeTmp'



